app/build/outputs/logs/manifest-merger-release-report.txt
-- Merging decision tree log ---
manifest
ADDED from src/main/AndroidManifest.xml:2:1-121:12
INJECTED from src/main/AndroidManifest.xml:2:1-121:12
INJECTED from src/main/AndroidManifest.xml:2:1-121:12
INJECTED from src/main/AndroidManifest.xml:2:1-121:12
MERGED from [com.android.databinding:adapters:1.3.1] AndroidManifest.xml:17:1-26:12
MERGED from [com.android.databinding:library:1.3.1] AndroidManifest.xml:17:1-26:12
MERGED from [com.android.support:design:27.0.2] AndroidManifest.xml:17:1-22:12
MERGED from [com.android.support:recyclerview-v7:27.0.2] AndroidManifest.xml:17:1-22:12
MERGED from [io.paperdb:paperdb:2.1] AndroidManifest.xml:2:1-14:12
MERGED from [com.github.mukeshsolanki:social-login-helper:1.0.2] AndroidManifest.xml:2:1-12:12
MERGED from [com.google.firebase:firebase-core:11.4.2] AndroidManifest.xml:2:1-6:12
MERGED from [com.google.android.gms:play-services:11.4.2] AndroidManifest.xml:2:1-6:12
MERGED from [uk.co.chrisjenx:calligraphy:2.3.0] AndroidManifest.xml:2:1-13:12
MERGED from [com.facebook.android:facebook-android-sdk:4.20.0] AndroidManifest.xml:21:1-50:12
MERGED from [com.google.android.gms:play-services-cast-framework:11.4.2] AndroidManifest.xml:2:1-9:12
MERGED from [com.google.android.gms:play-services-cast:11.4.2] AndroidManifest.xml:16:1-19:12
MERGED from [com.android.support:mediarouter-v7:25.2.0] AndroidManifest.xml:17:1-24:12
MERGED from [com.android.support:appcompat-v7:27.0.2] AndroidManifest.xml:17:1-22:12
MERGED from [com.prolificinteractive:material-calendarview:1.4.3] AndroidManifest.xml:2:1-14:12
MERGED from [com.google.firebase:firebase-crash:11.4.2] AndroidManifest.xml:16:1-25:12
MERGED from [com.google.firebase:firebase-messaging:11.4.2] AndroidManifest.xml:16:1-30:12
MERGED from [com.google.android.gms:play-services-ads:11.4.2] AndroidManifest.xml:16:1-18:12
MERGED from [com.google.android.gms:play-services-ads-lite:11.4.2] AndroidManifest.xml:16:1-27:12
MERGED from [com.google.android.gms:play-services-analytics:11.4.2] AndroidManifest.xml:16:1-33:12
MERGED from [com.google.android.gms:play-services-tagmanager:11.4.2] AndroidManifest.xml:16:1-18:12
MERGED from [com.google.android.gms:play-services-tagmanager-v4-impl:11.4.2] AndroidManifest.xml:16:1-20:12
MERGED from [com.google.android.gms:play-services-analytics-impl:11.4.2] AndroidManifest.xml:16:1-27:12
MERGED from [com.google.android.gms:play-services-appinvite:11.4.2] AndroidManifest.xml:16:1-27:12
MERGED from [com.google.android.gms:play-services-auth:11.4.2] AndroidManifest.xml:16:1-26:12
MERGED from [com.google.android.gms:play-services-auth-api-phone:11.4.2] AndroidManifest.xml:2:1-4:12
MERGED from [com.google.android.gms:play-services-auth-base:11.4.2] AndroidManifest.xml:2:1-5:12
MERGED from [com.google.firebase:firebase-config:11.4.2] AndroidManifest.xml:16:1-19:12
MERGED from [com.google.android.gms:play-services-awareness:11.4.2] AndroidManifest.xml:16:1-19:12
MERGED from [com.google.android.gms:play-services-games:11.4.2] AndroidManifest.xml:16:1-19:12
MERGED from [com.google.android.gms:play-services-drive:11.4.2] AndroidManifest.xml:16:1-19:12
MERGED from [com.google.android.gms:play-services-fido:11.4.2] AndroidManifest.xml:2:1-7:12
MERGED from [com.google.firebase:firebase-auth:11.4.2] AndroidManifest.xml:16:1-21:12
MERGED from [com.google.firebase:firebase-dynamic-links:11.4.2] AndroidManifest.xml:2:1-6:12
MERGED from [com.google.android.gms:play-services-fitness:11.4.2] AndroidManifest.xml:16:1-19:12
MERGED from [com.google.android.gms:play-services-gcm:11.4.2] AndroidManifest.xml:16:1-24:12
MERGED from [com.google.firebase:firebase-appindexing:11.4.2] AndroidManifest.xml:16:1-19:12
MERGED from [com.google.android.gms:play-services-wallet:11.4.2] AndroidManifest.xml:16:1-20:12
MERGED from [com.google.android.gms:play-services-identity:11.4.2] AndroidManifest.xml:16:1-19:12
MERGED from [com.google.android.gms:play-services-iid:11.4.2] AndroidManifest.xml:16:1-24:12
MERGED from [com.google.android.gms:play-services-instantapps:11.4.2] AndroidManifest.xml:2:1-4:12
MERGED from [com.google.android.gms:play-services-location:11.4.2] AndroidManifest.xml:2:1-5:12
MERGED from [com.google.android.gms:play-services-places:11.4.2] AndroidManifest.xml:16:1-19:12
MERGED from [com.google.android.gms:play-services-maps:11.4.2] AndroidManifest.xml:16:1-25:12
MERGED from [com.google.android.gms:play-services-nearby:11.4.2] AndroidManifest.xml:2:1-6:12
MERGED from [com.google.android.gms:play-services-panorama:11.4.2] AndroidManifest.xml:16:1-19:12
MERGED from [com.google.android.gms:play-services-plus:11.4.2] AndroidManifest.xml:16:1-19:12
MERGED from [com.google.android.gms:play-services-safetynet:11.4.2] AndroidManifest.xml:16:1-19:12
MERGED from [com.google.android.gms:play-services-vision:11.4.2] AndroidManifest.xml:2:1-5:12
MERGED from [com.google.android.gms:play-services-vision-common:11.4.2] AndroidManifest.xml:2:1-5:12
MERGED from [com.google.android.gms:play-services-wearable:11.4.2] AndroidManifest.xml:16:1-19:12
MERGED from [com.google.android.gms:play-services-base:11.4.2] AndroidManifest.xml:16:1-21:12
MERGED from [com.google.firebase:firebase-database:11.4.2] AndroidManifest.xml:2:1-4:12
MERGED from [com.google.firebase:firebase-database-connection:11.4.2] AndroidManifest.xml:2:1-4:12
MERGED from [com.google.android.gms:play-services-tagmanager-api:11.4.2] AndroidManifest.xml:16:1-34:12
MERGED from [com.google.firebase:firebase-analytics:11.4.2] AndroidManifest.xml:16:1-35:12
MERGED from [com.google.firebase:firebase-analytics-impl:11.4.2] AndroidManifest.xml:16:1-29:12
MERGED from [com.google.firebase:firebase-iid:11.4.2] AndroidManifest.xml:16:1-50:12
MERGED from [com.google.firebase:firebase-storage:11.4.2] AndroidManifest.xml:2:1-4:12
MERGED from [com.google.firebase:firebase-storage-common:11.4.2] AndroidManifest.xml:2:1-4:12
MERGED from [com.google.firebase:firebase-common:11.4.2] AndroidManifest.xml:2:1-8:12
MERGED from [com.google.android.gms:play-services-gass:11.4.2] AndroidManifest.xml:2:1-5:12
MERGED from [com.google.android.gms:play-services-tasks:11.4.2] AndroidManifest.xml:2:1-5:12
MERGED from [com.google.android.gms:play-services-basement:11.4.2] AndroidManifest.xml:16:1-23:12
MERGED from [com.twitter.sdk.android:twitter:2.3.2] AndroidManifest.xml:18:1-27:12
MERGED from [com.twitter.sdk.android:tweet-ui:2.3.2] AndroidManifest.xml:18:1-37:12
MERGED from [com.android.support:support-v4:27.0.2] AndroidManifest.xml:17:1-22:12
MERGED from [com.android.support:cardview-v7:27.0.2] AndroidManifest.xml:17:1-22:12
MERGED from [com.android.support.constraint:constraint-layout:1.0.2] AndroidManifest.xml:2:1-11:12
MERGED from [com.intuit.sdp:sdp-android:1.0.4] AndroidManifest.xml:2:1-11:12
MERGED from [com.android.volley:volley:1.1.0] AndroidManifest.xml:2:1-11:12
MERGED from [me.grantland:autofittextview:0.2.1] AndroidManifest.xml:2:1-11:12
MERGED from [com.android.support:multidex:1.0.2] AndroidManifest.xml:17:1-22:12
MERGED from [com.android.support:transition:27.0.2] AndroidManifest.xml:17:1-22:12
MERGED from [com.android.support:customtabs:25.0.0] AndroidManifest.xml:17:1-24:12
MERGED from [com.android.support:support-media-compat:27.0.2] AndroidManifest.xml:17:1-22:12
MERGED from [com.android.support:support-fragment:27.0.2] AndroidManifest.xml:17:1-22:12
MERGED from [com.android.support:animated-vector-drawable:27.0.2] AndroidManifest.xml:17:1-22:12
MERGED from [com.android.support:support-core-ui:27.0.2] AndroidManifest.xml:17:1-22:12
MERGED from [com.android.support:support-vector-drawable:27.0.2] AndroidManifest.xml:17:1-22:12
MERGED from [com.android.support:palette-v7:25.2.0] AndroidManifest.xml:17:1-25:12
MERGED from [com.android.support:support-core-utils:27.0.2] AndroidManifest.xml:17:1-22:12
MERGED from [com.android.support:support-compat:27.0.2] AndroidManifest.xml:17:1-22:12
MERGED from [com.twitter.sdk.android:twitter-core:2.3.1] AndroidManifest.xml:18:1-42:12
MERGED from [com.google.firebase:firebase-messaging-license:11.4.2] AndroidManifest.xml:2:1-6:12
MERGED from [com.twitter.sdk.android:tweet-composer:2.3.1] AndroidManifest.xml:18:1-39:12
MERGED from [com.google.android.gms:play-services-ads-license:11.4.2] AndroidManifest.xml:2:1-6:12
MERGED from [com.google.android.gms:play-services-ads-lite-license:11.4.2] AndroidManifest.xml:2:1-6:12
MERGED from [com.google.android.gms:play-services-analytics-license:11.4.2] AndroidManifest.xml:2:1-6:12
MERGED from [com.google.android.gms:play-services-analytics-impl-license:11.4.2] AndroidManifest.xml:2:1-6:12
MERGED from [com.google.android.gms:play-services-appinvite-license:11.4.2] AndroidManifest.xml:2:1-6:12
MERGED from [com.google.android.gms:play-services-auth-api-phone-license:11.4.2] AndroidManifest.xml:2:1-6:12
MERGED from [com.google.android.gms:play-services-auth-base-license:11.4.2] AndroidManifest.xml:2:1-6:12
MERGED from [com.google.android.gms:play-services-base-license:11.4.2] AndroidManifest.xml:2:1-6:12
MERGED from [com.google.android.gms:play-services-cast-framework-license:11.4.2] AndroidManifest.xml:2:1-6:12
MERGED from [com.google.android.gms:play-services-cast-license:11.4.2] AndroidManifest.xml:2:1-6:12
MERGED from [com.google.android.gms:play-services-basement-license:11.4.2] AndroidManifest.xml:2:1-6:12
MERGED from [com.google.firebase:firebase-config-license:11.4.2] AndroidManifest.xml:2:1-6:12
MERGED from [com.google.android.gms:play-services-awareness-license:11.4.2] AndroidManifest.xml:2:1-6:12
MERGED from [com.google.android.gms:play-services-drive-license:11.4.2] AndroidManifest.xml:2:1-6:12
MERGED from [com.google.android.gms:play-services-fido-license:11.4.2] AndroidManifest.xml:2:1-6:12
MERGED from [com.google.firebase:firebase-auth-license:11.4.2] AndroidManifest.xml:2:1-6:12
MERGED from [com.google.firebase:firebase-database-connection-license:11.4.2] AndroidManifest.xml:2:1-6:12
MERGED from [com.google.firebase:firebase-database-license:11.4.2] AndroidManifest.xml:2:1-6:12
MERGED from [com.google.firebase:firebase-dynamic-links-license:11.4.2] AndroidManifest.xml:2:1-6:12
MERGED from [com.google.firebase:firebase-iid-license:11.4.2] AndroidManifest.xml:2:1-6:12
MERGED from [com.google.firebase:firebase-storage-license:11.4.2] AndroidManifest.xml:2:1-6:12
MERGED from [com.google.firebase:firebase-storage-common-license:11.4.2] AndroidManifest.xml:2:1-6:12
MERGED from [com.google.firebase:firebase-common-license:11.4.2] AndroidManifest.xml:2:1-6:12
MERGED from [com.google.android.gms:play-services-fitness-license:11.4.2] AndroidManifest.xml:2:1-6:12
MERGED from [com.google.android.gms:play-services-games-license:11.4.2] AndroidManifest.xml:2:1-6:12
MERGED from [com.google.android.gms:play-services-gass-license:11.4.2] AndroidManifest.xml:2:1-6:12
MERGED from [com.google.android.gms:play-services-gcm-license:11.4.2] AndroidManifest.xml:2:1-6:12
MERGED from [com.google.firebase:firebase-appindexing-license:11.4.2] AndroidManifest.xml:2:1-6:12
MERGED from [com.google.android.gms:play-services-identity-license:11.4.2] AndroidManifest.xml:2:1-6:12
MERGED from [com.google.android.gms:play-services-iid-license:11.4.2] AndroidManifest.xml:2:1-6:12
MERGED from [com.google.android.gms:play-services-instantapps-license:11.4.2] AndroidManifest.xml:2:1-6:12
MERGED from [com.google.android.gms:play-services-location-license:11.4.2] AndroidManifest.xml:2:1-6:12
MERGED from [com.google.android.gms:play-services-maps-license:11.4.2] AndroidManifest.xml:2:1-6:12
MERGED from [com.google.firebase:firebase-analytics-license:11.4.2] AndroidManifest.xml:2:1-6:12
MERGED from [com.google.firebase:firebase-analytics-impl-license:11.4.2] AndroidManifest.xml:2:1-6:12
MERGED from [com.google.android.gms:play-services-nearby-license:11.4.2] AndroidManifest.xml:2:1-6:12
MERGED from [com.google.android.gms:play-services-panorama-license:11.4.2] AndroidManifest.xml:2:1-6:12
MERGED from [com.google.android.gms:play-services-places-license:11.4.2] AndroidManifest.xml:2:1-6:12
MERGED from [com.google.android.gms:play-services-plus-license:11.4.2] AndroidManifest.xml:2:1-6:12
MERGED from [com.google.android.gms:play-services-safetynet-license:11.4.2] AndroidManifest.xml:2:1-6:12
MERGED from [com.google.android.gms:play-services-tagmanager-api-license:11.4.2] AndroidManifest.xml:2:1-6:12
MERGED from [com.google.android.gms:play-services-tagmanager-license:11.4.2] AndroidManifest.xml:2:1-6:12
MERGED from [com.google.android.gms:play-services-tagmanager-v4-impl-license:11.4.2] AndroidManifest.xml:2:1-6:12
MERGED from [com.google.android.gms:play-services-tasks-license:11.4.2] AndroidManifest.xml:2:1-6:12
MERGED from [com.google.android.gms:play-services-vision-common-license:11.4.2] AndroidManifest.xml:2:1-6:12
MERGED from [com.google.android.gms:play-services-vision-license:11.4.2] AndroidManifest.xml:2:1-6:12
MERGED from [com.google.android.gms:play-services-wallet-license:11.4.2] AndroidManifest.xml:2:1-6:12
MERGED from [com.google.android.gms:play-services-wearable-license:11.4.2] AndroidManifest.xml:2:1-6:12
MERGED from [io.fabric.sdk.android:fabric:1.3.17] AndroidManifest.xml:22:1-33:12
MERGED from [com.google.android.gms:play-services-auth-license:11.4.2] AndroidManifest.xml:2:1-6:12
MERGED from [android.arch.lifecycle:runtime:1.0.3] AndroidManifest.xml:17:1-24:12
INJECTED from src/main/AndroidManifest.xml:2:1-121:12
INJECTED from src/main/AndroidManifest.xml:2:1-121:12
INJECTED from src/main/AndroidManifest.xml:2:1-121:12
	package
		ADDED from src/main/AndroidManifest.xml:3:5-33
		INJECTED from src/main/AndroidManifest.xml
		INJECTED from src/main/AndroidManifest.xml
	android:versionName
		INJECTED from src/main/AndroidManifest.xml
		ADDED from src/main/AndroidManifest.xml:2:1-121:12
		INJECTED from src/main/AndroidManifest.xml
	android:versionCode
		INJECTED from src/main/AndroidManifest.xml
		ADDED from src/main/AndroidManifest.xml:2:1-121:12
		INJECTED from src/main/AndroidManifest.xml
	xmlns:android
		ADDED from src/main/AndroidManifest.xml:2:11-69
uses-permission#android.permission.CALL_PHONE
ADDED from src/main/AndroidManifest.xml:5:5-69
	android:name
		ADDED from src/main/AndroidManifest.xml:5:22-66
uses-permission#android.permission.INTERNET
ADDED from src/main/AndroidManifest.xml:6:5-67
MERGED from [com.google.firebase:firebase-crash:11.4.2] AndroidManifest.xml:18:5-66
MERGED from [com.google.firebase:firebase-crash:11.4.2] AndroidManifest.xml:18:5-66
MERGED from [com.google.android.gms:play-services-ads-lite:11.4.2] AndroidManifest.xml:19:5-66
MERGED from [com.google.android.gms:play-services-ads-lite:11.4.2] AndroidManifest.xml:19:5-66
MERGED from [com.google.android.gms:play-services-analytics:11.4.2] AndroidManifest.xml:20:5-66
MERGED from [com.google.android.gms:play-services-analytics:11.4.2] AndroidManifest.xml:20:5-66
MERGED from [com.google.android.gms:play-services-analytics-impl:11.4.2] AndroidManifest.xml:20:5-66
MERGED from [com.google.android.gms:play-services-analytics-impl:11.4.2] AndroidManifest.xml:20:5-66
MERGED from [com.google.android.gms:play-services-appinvite:11.4.2] AndroidManifest.xml:18:5-66
MERGED from [com.google.android.gms:play-services-appinvite:11.4.2] AndroidManifest.xml:18:5-66
MERGED from [com.google.android.gms:play-services-gcm:11.4.2] AndroidManifest.xml:21:5-66
MERGED from [com.google.android.gms:play-services-gcm:11.4.2] AndroidManifest.xml:21:5-66
MERGED from [com.google.android.gms:play-services-iid:11.4.2] AndroidManifest.xml:21:5-66
MERGED from [com.google.android.gms:play-services-iid:11.4.2] AndroidManifest.xml:21:5-66
MERGED from [com.google.android.gms:play-services-maps:11.4.2] AndroidManifest.xml:20:5-66
MERGED from [com.google.android.gms:play-services-maps:11.4.2] AndroidManifest.xml:20:5-66
MERGED from [com.google.android.gms:play-services-tagmanager-api:11.4.2] AndroidManifest.xml:20:5-66
MERGED from [com.google.android.gms:play-services-tagmanager-api:11.4.2] AndroidManifest.xml:20:5-66
MERGED from [com.google.firebase:firebase-analytics:11.4.2] AndroidManifest.xml:20:5-66
MERGED from [com.google.firebase:firebase-analytics:11.4.2] AndroidManifest.xml:20:5-66
MERGED from [com.google.firebase:firebase-analytics-impl:11.4.2] AndroidManifest.xml:20:5-66
MERGED from [com.google.firebase:firebase-analytics-impl:11.4.2] AndroidManifest.xml:20:5-66
MERGED from [com.google.firebase:firebase-iid:11.4.2] AndroidManifest.xml:20:5-66
MERGED from [com.google.firebase:firebase-iid:11.4.2] AndroidManifest.xml:20:5-66
MERGED from [com.twitter.sdk.android:tweet-ui:2.3.2] AndroidManifest.xml:25:5-67
MERGED from [com.twitter.sdk.android:tweet-ui:2.3.2] AndroidManifest.xml:25:5-67
MERGED from [com.twitter.sdk.android:twitter-core:2.3.1] AndroidManifest.xml:25:5-67
MERGED from [com.twitter.sdk.android:twitter-core:2.3.1] AndroidManifest.xml:25:5-67
MERGED from [com.twitter.sdk.android:tweet-composer:2.3.1] AndroidManifest.xml:25:5-67
MERGED from [com.twitter.sdk.android:tweet-composer:2.3.1] AndroidManifest.xml:25:5-67
MERGED from [io.fabric.sdk.android:fabric:1.3.17] AndroidManifest.xml:29:5-67
MERGED from [io.fabric.sdk.android:fabric:1.3.17] AndroidManifest.xml:29:5-67
	android:name
		ADDED from src/main/AndroidManifest.xml:6:22-64
meta-data#com.facebook.sdk.ApplicationId
ADDED from src/main/AndroidManifest.xml:8:5-10:51
	android:value
		ADDED from src/main/AndroidManifest.xml:10:9-48
	android:name
		ADDED from src/main/AndroidManifest.xml:9:9-54
application
ADDED from src/main/AndroidManifest.xml:13:5-119:19
MERGED from [io.paperdb:paperdb:2.1] AndroidManifest.xml:12:5-20
MERGED from [io.paperdb:paperdb:2.1] AndroidManifest.xml:12:5-20
MERGED from [com.google.firebase:firebase-core:11.4.2] AndroidManifest.xml:5:5-20
MERGED from [com.google.firebase:firebase-core:11.4.2] AndroidManifest.xml:5:5-20
MERGED from [com.google.android.gms:play-services:11.4.2] AndroidManifest.xml:5:5-20
MERGED from [com.google.android.gms:play-services:11.4.2] AndroidManifest.xml:5:5-20
MERGED from [uk.co.chrisjenx:calligraphy:2.3.0] AndroidManifest.xml:11:5-20
MERGED from [uk.co.chrisjenx:calligraphy:2.3.0] AndroidManifest.xml:11:5-20
MERGED from [com.facebook.android:facebook-android-sdk:4.20.0] AndroidManifest.xml:28:5-48:19
MERGED from [com.facebook.android:facebook-android-sdk:4.20.0] AndroidManifest.xml:28:5-48:19
MERGED from [com.google.android.gms:play-services-cast-framework:11.4.2] AndroidManifest.xml:4:5-8:19
MERGED from [com.google.android.gms:play-services-cast-framework:11.4.2] AndroidManifest.xml:4:5-8:19
MERGED from [com.google.android.gms:play-services-cast:11.4.2] AndroidManifest.xml:18:5-19
MERGED from [com.google.android.gms:play-services-cast:11.4.2] AndroidManifest.xml:18:5-19
MERGED from [com.android.support:mediarouter-v7:25.2.0] AndroidManifest.xml:22:5-20
MERGED from [com.android.support:mediarouter-v7:25.2.0] AndroidManifest.xml:22:5-20
MERGED from [com.prolificinteractive:material-calendarview:1.4.3] AndroidManifest.xml:12:5-20
MERGED from [com.prolificinteractive:material-calendarview:1.4.3] AndroidManifest.xml:12:5-20
MERGED from [com.google.firebase:firebase-crash:11.4.2] AndroidManifest.xml:22:5-23:19
MERGED from [com.google.firebase:firebase-crash:11.4.2] AndroidManifest.xml:22:5-23:19
MERGED from [com.google.firebase:firebase-messaging:11.4.2] AndroidManifest.xml:19:5-29:19
MERGED from [com.google.firebase:firebase-messaging:11.4.2] AndroidManifest.xml:19:5-29:19
MERGED from [com.google.android.gms:play-services-ads-lite:11.4.2] AndroidManifest.xml:23:5-26:19
MERGED from [com.google.android.gms:play-services-ads-lite:11.4.2] AndroidManifest.xml:23:5-26:19
MERGED from [com.google.android.gms:play-services-analytics:11.4.2] AndroidManifest.xml:26:5-31:19
MERGED from [com.google.android.gms:play-services-analytics:11.4.2] AndroidManifest.xml:26:5-31:19
MERGED from [com.google.android.gms:play-services-tagmanager-v4-impl:11.4.2] AndroidManifest.xml:19:5-19
MERGED from [com.google.android.gms:play-services-tagmanager-v4-impl:11.4.2] AndroidManifest.xml:19:5-19
MERGED from [com.google.android.gms:play-services-analytics-impl:11.4.2] AndroidManifest.xml:26:5-19
MERGED from [com.google.android.gms:play-services-analytics-impl:11.4.2] AndroidManifest.xml:26:5-19
MERGED from [com.google.android.gms:play-services-appinvite:11.4.2] AndroidManifest.xml:19:5-26:19
MERGED from [com.google.android.gms:play-services-appinvite:11.4.2] AndroidManifest.xml:19:5-26:19
MERGED from [com.google.android.gms:play-services-auth:11.4.2] AndroidManifest.xml:19:5-25:19
MERGED from [com.google.android.gms:play-services-auth:11.4.2] AndroidManifest.xml:19:5-25:19
MERGED from [com.google.firebase:firebase-config:11.4.2] AndroidManifest.xml:18:5-19
MERGED from [com.google.firebase:firebase-config:11.4.2] AndroidManifest.xml:18:5-19
MERGED from [com.google.android.gms:play-services-awareness:11.4.2] AndroidManifest.xml:18:5-19
MERGED from [com.google.android.gms:play-services-awareness:11.4.2] AndroidManifest.xml:18:5-19
MERGED from [com.google.android.gms:play-services-games:11.4.2] AndroidManifest.xml:18:5-19
MERGED from [com.google.android.gms:play-services-games:11.4.2] AndroidManifest.xml:18:5-19
MERGED from [com.google.android.gms:play-services-drive:11.4.2] AndroidManifest.xml:18:5-19
MERGED from [com.google.android.gms:play-services-drive:11.4.2] AndroidManifest.xml:18:5-19
MERGED from [com.google.android.gms:play-services-fido:11.4.2] AndroidManifest.xml:5:3-6:17
MERGED from [com.google.android.gms:play-services-fido:11.4.2] AndroidManifest.xml:5:3-6:17
MERGED from [com.google.firebase:firebase-auth:11.4.2] AndroidManifest.xml:19:5-20:19
MERGED from [com.google.firebase:firebase-auth:11.4.2] AndroidManifest.xml:19:5-20:19
MERGED from [com.google.firebase:firebase-dynamic-links:11.4.2] AndroidManifest.xml:5:3-17
MERGED from [com.google.firebase:firebase-dynamic-links:11.4.2] AndroidManifest.xml:5:3-17
MERGED from [com.google.android.gms:play-services-fitness:11.4.2] AndroidManifest.xml:18:5-19
MERGED from [com.google.android.gms:play-services-fitness:11.4.2] AndroidManifest.xml:18:5-19
MERGED from [com.google.android.gms:play-services-gcm:11.4.2] AndroidManifest.xml:23:5-19
MERGED from [com.google.android.gms:play-services-gcm:11.4.2] AndroidManifest.xml:23:5-19
MERGED from [com.google.firebase:firebase-appindexing:11.4.2] AndroidManifest.xml:18:5-19
MERGED from [com.google.firebase:firebase-appindexing:11.4.2] AndroidManifest.xml:18:5-19
MERGED from [com.google.android.gms:play-services-identity:11.4.2] AndroidManifest.xml:18:5-19
MERGED from [com.google.android.gms:play-services-identity:11.4.2] AndroidManifest.xml:18:5-19
MERGED from [com.google.android.gms:play-services-iid:11.4.2] AndroidManifest.xml:23:5-19
MERGED from [com.google.android.gms:play-services-iid:11.4.2] AndroidManifest.xml:23:5-19
MERGED from [com.google.android.gms:play-services-location:11.4.2] AndroidManifest.xml:4:5-19
MERGED from [com.google.android.gms:play-services-location:11.4.2] AndroidManifest.xml:4:5-19
MERGED from [com.google.android.gms:play-services-places:11.4.2] AndroidManifest.xml:18:5-19
MERGED from [com.google.android.gms:play-services-places:11.4.2] AndroidManifest.xml:18:5-19
MERGED from [com.google.android.gms:play-services-maps:11.4.2] AndroidManifest.xml:24:5-19
MERGED from [com.google.android.gms:play-services-maps:11.4.2] AndroidManifest.xml:24:5-19
MERGED from [com.google.android.gms:play-services-nearby:11.4.2] AndroidManifest.xml:5:5-19
MERGED from [com.google.android.gms:play-services-nearby:11.4.2] AndroidManifest.xml:5:5-19
MERGED from [com.google.android.gms:play-services-panorama:11.4.2] AndroidManifest.xml:18:5-19
MERGED from [com.google.android.gms:play-services-panorama:11.4.2] AndroidManifest.xml:18:5-19
MERGED from [com.google.android.gms:play-services-plus:11.4.2] AndroidManifest.xml:18:5-19
MERGED from [com.google.android.gms:play-services-plus:11.4.2] AndroidManifest.xml:18:5-19
MERGED from [com.google.android.gms:play-services-safetynet:11.4.2] AndroidManifest.xml:18:5-19
MERGED from [com.google.android.gms:play-services-safetynet:11.4.2] AndroidManifest.xml:18:5-19
MERGED from [com.google.android.gms:play-services-vision:11.4.2] AndroidManifest.xml:4:5-19
MERGED from [com.google.android.gms:play-services-vision:11.4.2] AndroidManifest.xml:4:5-19
MERGED from [com.google.android.gms:play-services-vision-common:11.4.2] AndroidManifest.xml:4:5-19
MERGED from [com.google.android.gms:play-services-vision-common:11.4.2] AndroidManifest.xml:4:5-19
MERGED from [com.google.android.gms:play-services-wearable:11.4.2] AndroidManifest.xml:18:5-19
MERGED from [com.google.android.gms:play-services-wearable:11.4.2] AndroidManifest.xml:18:5-19
MERGED from [com.google.android.gms:play-services-base:11.4.2] AndroidManifest.xml:18:5-20:19
MERGED from [com.google.android.gms:play-services-base:11.4.2] AndroidManifest.xml:18:5-20:19
MERGED from [com.google.android.gms:play-services-tagmanager-api:11.4.2] AndroidManifest.xml:23:5-33:19
MERGED from [com.google.android.gms:play-services-tagmanager-api:11.4.2] AndroidManifest.xml:23:5-33:19
MERGED from [com.google.firebase:firebase-analytics:11.4.2] AndroidManifest.xml:24:5-34:19
MERGED from [com.google.firebase:firebase-analytics:11.4.2] AndroidManifest.xml:24:5-34:19
MERGED from [com.google.firebase:firebase-analytics-impl:11.4.2] AndroidManifest.xml:24:5-28:19
MERGED from [com.google.firebase:firebase-analytics-impl:11.4.2] AndroidManifest.xml:24:5-28:19
MERGED from [com.google.firebase:firebase-iid:11.4.2] AndroidManifest.xml:28:5-49:19
MERGED from [com.google.firebase:firebase-iid:11.4.2] AndroidManifest.xml:28:5-49:19
MERGED from [com.google.firebase:firebase-common:11.4.2] AndroidManifest.xml:4:5-7:19
MERGED from [com.google.firebase:firebase-common:11.4.2] AndroidManifest.xml:4:5-7:19
MERGED from [com.google.android.gms:play-services-gass:11.4.2] AndroidManifest.xml:4:5-19
MERGED from [com.google.android.gms:play-services-gass:11.4.2] AndroidManifest.xml:4:5-19
MERGED from [com.google.android.gms:play-services-tasks:11.4.2] AndroidManifest.xml:4:5-19
MERGED from [com.google.android.gms:play-services-tasks:11.4.2] AndroidManifest.xml:4:5-19
MERGED from [com.google.android.gms:play-services-basement:11.4.2] AndroidManifest.xml:19:5-21:19
MERGED from [com.google.android.gms:play-services-basement:11.4.2] AndroidManifest.xml:19:5-21:19
MERGED from [com.twitter.sdk.android:twitter:2.3.2] AndroidManifest.xml:25:5-20
MERGED from [com.twitter.sdk.android:twitter:2.3.2] AndroidManifest.xml:25:5-20
MERGED from [com.twitter.sdk.android:tweet-ui:2.3.2] AndroidManifest.xml:27:5-35:19
MERGED from [com.twitter.sdk.android:tweet-ui:2.3.2] AndroidManifest.xml:27:5-35:19
MERGED from [com.android.support.constraint:constraint-layout:1.0.2] AndroidManifest.xml:9:5-20
MERGED from [com.android.support.constraint:constraint-layout:1.0.2] AndroidManifest.xml:9:5-20
MERGED from [com.android.volley:volley:1.1.0] AndroidManifest.xml:9:5-20
MERGED from [com.android.volley:volley:1.1.0] AndroidManifest.xml:9:5-20
MERGED from [com.android.support:customtabs:25.0.0] AndroidManifest.xml:22:5-20
MERGED from [com.android.support:customtabs:25.0.0] AndroidManifest.xml:22:5-20
MERGED from [com.android.support:palette-v7:25.2.0] AndroidManifest.xml:22:5-23:19
MERGED from [com.android.support:palette-v7:25.2.0] AndroidManifest.xml:22:5-23:19
MERGED from [com.twitter.sdk.android:twitter-core:2.3.1] AndroidManifest.xml:27:5-40:19
MERGED from [com.twitter.sdk.android:twitter-core:2.3.1] AndroidManifest.xml:27:5-40:19
MERGED from [com.google.firebase:firebase-messaging-license:11.4.2] AndroidManifest.xml:5:5-20
MERGED from [com.google.firebase:firebase-messaging-license:11.4.2] AndroidManifest.xml:5:5-20
MERGED from [com.twitter.sdk.android:tweet-composer:2.3.1] AndroidManifest.xml:27:5-37:19
MERGED from [com.twitter.sdk.android:tweet-composer:2.3.1] AndroidManifest.xml:27:5-37:19
MERGED from [com.google.android.gms:play-services-ads-license:11.4.2] AndroidManifest.xml:5:5-20
MERGED from [com.google.android.gms:play-services-ads-license:11.4.2] AndroidManifest.xml:5:5-20
MERGED from [com.google.android.gms:play-services-ads-lite-license:11.4.2] AndroidManifest.xml:5:5-20
MERGED from [com.google.android.gms:play-services-ads-lite-license:11.4.2] AndroidManifest.xml:5:5-20
MERGED from [com.google.android.gms:play-services-analytics-license:11.4.2] AndroidManifest.xml:5:5-20
MERGED from [com.google.android.gms:play-services-analytics-license:11.4.2] AndroidManifest.xml:5:5-20
MERGED from [com.google.android.gms:play-services-analytics-impl-license:11.4.2] AndroidManifest.xml:5:5-20
MERGED from [com.google.android.gms:play-services-analytics-impl-license:11.4.2] AndroidManifest.xml:5:5-20
MERGED from [com.google.android.gms:play-services-appinvite-license:11.4.2] AndroidManifest.xml:5:5-20
MERGED from [com.google.android.gms:play-services-appinvite-license:11.4.2] AndroidManifest.xml:5:5-20
MERGED from [com.google.android.gms:play-services-auth-api-phone-license:11.4.2] AndroidManifest.xml:5:5-20
MERGED from [com.google.android.gms:play-services-auth-api-phone-license:11.4.2] AndroidManifest.xml:5:5-20
MERGED from [com.google.android.gms:play-services-auth-base-license:11.4.2] AndroidManifest.xml:5:5-20
MERGED from [com.google.android.gms:play-services-auth-base-license:11.4.2] AndroidManifest.xml:5:5-20
MERGED from [com.google.android.gms:play-services-base-license:11.4.2] AndroidManifest.xml:5:5-20
MERGED from [com.google.android.gms:play-services-base-license:11.4.2] AndroidManifest.xml:5:5-20
MERGED from [com.google.android.gms:play-services-cast-framework-license:11.4.2] AndroidManifest.xml:5:5-20
MERGED from [com.google.android.gms:play-services-cast-framework-license:11.4.2] AndroidManifest.xml:5:5-20
MERGED from [com.google.android.gms:play-services-cast-license:11.4.2] AndroidManifest.xml:5:5-20
MERGED from [com.google.android.gms:play-services-cast-license:11.4.2] AndroidManifest.xml:5:5-20
MERGED from [com.google.android.gms:play-services-basement-license:11.4.2] AndroidManifest.xml:5:5-20